<?xml version="1.0" encoding="UTF-8"?>
<testng-results ignored="0" total="1" passed="1" failed="0" skipped="0">
  <reporter-output>
  </reporter-output>
  <suite started-at="2024-05-02T14:52:29 IST" name="Surefire suite" finished-at="2024-05-02T14:53:04 IST" duration-ms="35047">
    <groups>
    </groups>
    <test started-at="2024-05-02T14:52:29 IST" name="Surefire test" finished-at="2024-05-02T14:53:04 IST" duration-ms="35047">
      <class name="com.example.AppTest">
        <test-method is-config="true" signature="setup()[pri:0, instance:com.example.AppTest@7c469c48]" started-at="2024-05-02T14:52:29 IST" name="setup" finished-at="2024-05-02T14:52:36 IST" duration-ms="6581" status="PASS">
          <reporter-output>
          </reporter-output>
        </test-method> <!-- setup -->
        <test-method signature="testCase1()[pri:0, instance:com.example.AppTest@7c469c48]" started-at="2024-05-02T14:52:36 IST" name="testCase1" finished-at="2024-05-02T14:53:04 IST" duration-ms="27943" status="PASS">
          <reporter-output>
          </reporter-output>
        </test-method> <!-- testCase1 -->
        <test-method is-config="true" signature="quit()[pri:0, instance:com.example.AppTest@7c469c48]" started-at="2024-05-02T14:53:04 IST" name="quit" finished-at="2024-05-02T14:53:04 IST" duration-ms="467" status="PASS">
          <reporter-output>
          </reporter-output>
        </test-method> <!-- quit -->
      </class> <!-- com.example.AppTest -->
    </test> <!-- Surefire test -->
  </suite> <!-- Surefire suite -->
</testng-results>
